
---- creation groupe ressources -----
{
  "id": "/subscriptions/873000fa-a741-48e5-8ae7-41c7937c47c3/resourceGroups/tp2-gerald",
  "location": "ukwest",
  "managedBy": null,
  "name": "tp2-gerald",
  "properties": {
    "provisioningState": "Succeeded"
  },
  "tags": null,
  "type": "Microsoft.Resources/resourceGroups"
}

{
  "id": "/subscriptions/873000fa-a741-48e5-8ae7-41c7937c47c3/resourceGroups/tp2-gerald/providers/Microsoft.Resources/deployments/dpltp2gb",
  "location": null,
  "name": "dpltp2gb",
  "properties": {
    "correlationId": "368635d0-27dc-4496-80ed-792eba208863",
    "debugSetting": null,
    "dependencies": [
      {
        "dependsOn": [
          {
            "id": "/subscriptions/873000fa-a741-48e5-8ae7-41c7937c47c3/resourceGroups/tp2-gerald/providers/Microsoft.Network/networkSecurityGroups/SecGroupNet",
            "resourceGroup": "tp2-gerald",
            "resourceName": "SecGroupNet",
            "resourceType": "Microsoft.Network/networkSecurityGroups"
          },
          {
            "id": "/subscriptions/873000fa-a741-48e5-8ae7-41c7937c47c3/resourceGroups/tp2-gerald/providers/Microsoft.Network/publicIPAddresses/tp2gbvmPublicIP",
            "resourceGroup": "tp2-gerald",
            "resourceName": "tp2gbvmPublicIP",
            "resourceType": "Microsoft.Network/publicIPAddresses"
          },
          {
            "id": "/subscriptions/873000fa-a741-48e5-8ae7-41c7937c47c3/resourceGroups/tp2-gerald/providers/Microsoft.Network/virtualNetworks/vNet/subnets/Subnet",
            "resourceGroup": "tp2-gerald",
            "resourceName": "vNet/Subnet",
            "resourceType": "Microsoft.Network/virtualNetworks/subnets"
          }
        ],
        "id": "/subscriptions/873000fa-a741-48e5-8ae7-41c7937c47c3/resourceGroups/tp2-gerald/providers/Microsoft.Network/networkInterfaces/tp2gbvmNetInt",
        "resourceGroup": "tp2-gerald",
        "resourceName": "tp2gbvmNetInt",
        "resourceType": "Microsoft.Network/networkInterfaces"
      },
      {
        "dependsOn": [
          {
            "id": "/subscriptions/873000fa-a741-48e5-8ae7-41c7937c47c3/resourceGroups/tp2-gerald/providers/Microsoft.Network/virtualNetworks/vNet",
            "resourceGroup": "tp2-gerald",
            "resourceName": "vNet",
            "resourceType": "Microsoft.Network/virtualNetworks"
          }
        ],
        "id": "/subscriptions/873000fa-a741-48e5-8ae7-41c7937c47c3/resourceGroups/tp2-gerald/providers/Microsoft.Network/virtualNetworks/vNet/subnets/Subnet",
        "resourceGroup": "tp2-gerald",
        "resourceName": "vNet/Subnet",
        "resourceType": "Microsoft.Network/virtualNetworks/subnets"
      },
      {
        "dependsOn": [
          {
            "id": "/subscriptions/873000fa-a741-48e5-8ae7-41c7937c47c3/resourceGroups/tp2-gerald/providers/Microsoft.Network/networkInterfaces/tp2gbvmNetInt",
            "resourceGroup": "tp2-gerald",
            "resourceName": "tp2gbvmNetInt",
            "resourceType": "Microsoft.Network/networkInterfaces"
          }
        ],
        "id": "/subscriptions/873000fa-a741-48e5-8ae7-41c7937c47c3/resourceGroups/tp2-gerald/providers/Microsoft.Compute/virtualMachines/tp2gbvm",
        "resourceGroup": "tp2-gerald",
        "resourceName": "tp2gbvm",
        "resourceType": "Microsoft.Compute/virtualMachines"
      }
    ],
    "duration": "PT43.1401237S",
    "error": null,
    "mode": "Incremental",
    "onErrorDeployment": null,
    "outputResources": [
      {
        "id": "/subscriptions/873000fa-a741-48e5-8ae7-41c7937c47c3/resourceGroups/tp2-gerald/providers/Microsoft.Compute/virtualMachines/tp2gbvm",
        "resourceGroup": "tp2-gerald"
      },
      {
        "id": "/subscriptions/873000fa-a741-48e5-8ae7-41c7937c47c3/resourceGroups/tp2-gerald/providers/Microsoft.Network/networkInterfaces/tp2gbvmNetInt",
        "resourceGroup": "tp2-gerald"
      },
      {
        "id": "/subscriptions/873000fa-a741-48e5-8ae7-41c7937c47c3/resourceGroups/tp2-gerald/providers/Microsoft.Network/networkSecurityGroups/SecGroupNet",
        "resourceGroup": "tp2-gerald"
      },
      {
        "id": "/subscriptions/873000fa-a741-48e5-8ae7-41c7937c47c3/resourceGroups/tp2-gerald/providers/Microsoft.Network/publicIPAddresses/tp2gbvmPublicIP",
        "resourceGroup": "tp2-gerald"
      },
      {
        "id": "/subscriptions/873000fa-a741-48e5-8ae7-41c7937c47c3/resourceGroups/tp2-gerald/providers/Microsoft.Network/virtualNetworks/vNet",
        "resourceGroup": "tp2-gerald"
      },
      {
        "id": "/subscriptions/873000fa-a741-48e5-8ae7-41c7937c47c3/resourceGroups/tp2-gerald/providers/Microsoft.Network/virtualNetworks/vNet/subnets/Subnet",
        "resourceGroup": "tp2-gerald"
      }
    ],
    "outputs": {
      "adminUsername": {
        "type": "String",
        "value": "azureuser"
      },
      "hostname": {
        "type": "String",
        "value": "simplelinuxvm-tnhrbijgqheq6.ukwest.cloudapp.azure.com"
      },
      "sshCommand": {
        "type": "String",
        "value": "ssh azureuser@simplelinuxvm-tnhrbijgqheq6.ukwest.cloudapp.azure.com"
      }
    },
    "parameters": {
      "adminPasswordOrKey": {
        "type": "SecureString"
      },
      "adminUsername": {
        "type": "String",
        "value": "azureuser"
      },
      "authenticationType": {
        "type": "String",
        "value": "password"
      },
      "cloudiniturl": {
        "type": "String",
        "value": "https://github.com/gb-0001/tp2_azure/raw/master/cloud-init.txt"
      },
      "dnsLabelPrefix": {
        "type": "String",
        "value": "simplelinuxvm-tnhrbijgqheq6"
      },
      "location": {
        "type": "String",
        "value": "ukwest"
      },
      "networkSecurityGroupName": {
        "type": "String",
        "value": "SecGroupNet"
      },
      "sshPublicKey": {
        "type": "String",
        "value": "id_rsa.pub"
      },
      "subnetName": {
        "type": "String",
        "value": "Subnet"
      },
      "ubuntuOSVersion": {
        "type": "String",
        "value": "18.04-LTS"
      },
      "virtualNetworkName": {
        "type": "String",
        "value": "vNet"
      },
      "vmName": {
        "type": "String",
        "value": "tp2gbvm"
      },
      "vmSize": {
        "type": "String",
        "value": "Standard_B2s"
      }
    },
    "parametersLink": null,
    "providers": [
      {
        "id": null,
        "namespace": "Microsoft.Network",
        "registrationPolicy": null,
        "registrationState": null,
        "resourceTypes": [
          {
            "aliases": null,
            "apiProfiles": null,
            "apiVersions": null,
            "capabilities": null,
            "defaultApiVersion": null,
            "locationMappings": null,
            "locations": [
              "ukwest"
            ],
            "properties": null,
            "resourceType": "networkInterfaces",
            "zoneMappings": null
          },
          {
            "aliases": null,
            "apiProfiles": null,
            "apiVersions": null,
            "capabilities": null,
            "defaultApiVersion": null,
            "locationMappings": null,
            "locations": [
              "ukwest"
            ],
            "properties": null,
            "resourceType": "networkSecurityGroups",
            "zoneMappings": null
          },
          {
            "aliases": null,
            "apiProfiles": null,
            "apiVersions": null,
            "capabilities": null,
            "defaultApiVersion": null,
            "locationMappings": null,
            "locations": [
              "ukwest"
            ],
            "properties": null,
            "resourceType": "virtualNetworks",
            "zoneMappings": null
          },
          {
            "aliases": null,
            "apiProfiles": null,
            "apiVersions": null,
            "capabilities": null,
            "defaultApiVersion": null,
            "locationMappings": null,
            "locations": [
              null
            ],
            "properties": null,
            "resourceType": "virtualNetworks/subnets",
            "zoneMappings": null
          },
          {
            "aliases": null,
            "apiProfiles": null,
            "apiVersions": null,
            "capabilities": null,
            "defaultApiVersion": null,
            "locationMappings": null,
            "locations": [
              "ukwest"
            ],
            "properties": null,
            "resourceType": "publicIPAddresses",
            "zoneMappings": null
          }
        ]
      },
      {
        "id": null,
        "namespace": "Microsoft.Compute",
        "registrationPolicy": null,
        "registrationState": null,
        "resourceTypes": [
          {
            "aliases": null,
            "apiProfiles": null,
            "apiVersions": null,
            "capabilities": null,
            "defaultApiVersion": null,
            "locationMappings": null,
            "locations": [
              "ukwest"
            ],
            "properties": null,
            "resourceType": "virtualMachines",
            "zoneMappings": null
          }
        ]
      }
    ],
    "provisioningState": "Succeeded",
    "templateHash": "18267852594397827187",
    "templateLink": null,
    "timestamp": "2021-06-24T13:13:42.858043+00:00",
    "validatedResources": null
  },
  "resourceGroup": "tp2-gerald",
  "tags": null,
  "type": "Microsoft.Resources/deployments"
}
